Release 14.7 - xst P.20131013 (nt64)
Copyright (c) 1995-2013 Xilinx, Inc.  All rights reserved.
--> Parameter TMPDIR set to xst/projnav.tmp


Total REAL time to Xst completion: 0.00 secs
Total CPU time to Xst completion: 0.13 secs
 
--> Parameter xsthdpdir set to xst


Total REAL time to Xst completion: 0.00 secs
Total CPU time to Xst completion: 0.13 secs
 
--> Reading design: MAQUINA.prj

TABLE OF CONTENTS
  1) Synthesis Options Summary
  2) HDL Compilation
  3) Design Hierarchy Analysis
  4) HDL Analysis
  5) HDL Synthesis
     5.1) HDL Synthesis Report
  6) Advanced HDL Synthesis
     6.1) Advanced HDL Synthesis Report
  7) Low Level Synthesis
  8) Partition Report
  9) Final Report
	9.1) Device utilization summary
	9.2) Partition Resource Summary
	9.3) TIMING REPORT


=========================================================================
*                      Synthesis Options Summary                        *
=========================================================================
---- Source Parameters
Input File Name                    : "MAQUINA.prj"
Input Format                       : mixed
Ignore Synthesis Constraint File   : NO

---- Target Parameters
Output File Name                   : "MAQUINA"
Output Format                      : NGC
Target Device                      : xc3s50a-5-tq144

---- Source Options
Top Module Name                    : MAQUINA
Automatic FSM Extraction           : YES
FSM Encoding Algorithm             : Auto
Safe Implementation                : No
FSM Style                          : LUT
RAM Extraction                     : Yes
RAM Style                          : Auto
ROM Extraction                     : Yes
Mux Style                          : Auto
Decoder Extraction                 : YES
Priority Encoder Extraction        : Yes
Shift Register Extraction          : YES
Logical Shifter Extraction         : YES
XOR Collapsing                     : YES
ROM Style                          : Auto
Mux Extraction                     : Yes
Resource Sharing                   : YES
Asynchronous To Synchronous        : NO
Multiplier Style                   : Auto
Automatic Register Balancing       : No

---- Target Options
Add IO Buffers                     : YES
Global Maximum Fanout              : 100000
Add Generic Clock Buffer(BUFG)     : 24
Register Duplication               : YES
Slice Packing                      : YES
Optimize Instantiated Primitives   : NO
Use Clock Enable                   : Yes
Use Synchronous Set                : Yes
Use Synchronous Reset              : Yes
Pack IO Registers into IOBs        : Auto
Equivalent register Removal        : YES

---- General Options
Optimization Goal                  : Speed
Optimization Effort                : 1
Keep Hierarchy                     : No
Netlist Hierarchy                  : As_Optimized
RTL Output                         : Yes
Global Optimization                : AllClockNets
Read Cores                         : YES
Write Timing Constraints           : NO
Cross Clock Analysis               : NO
Hierarchy Separator                : /
Bus Delimiter                      : <>
Case Specifier                     : Maintain
Slice Utilization Ratio            : 100
BRAM Utilization Ratio             : 100
Verilog 2001                       : YES
Auto BRAM Packing                  : NO
Slice Utilization Ratio Delta      : 5

=========================================================================


=========================================================================
*                          HDL Compilation                              *
=========================================================================
Compiling vhdl file "F:/FPGA/Junio2018/Practica_1/MAQUINA/MAQUINA.vhd" in Library work.
Architecture behavioral of Entity maquina is up to date.

=========================================================================
*                     Design Hierarchy Analysis                         *
=========================================================================
Analyzing hierarchy for entity <MAQUINA> in library <work> (architecture <behavioral>).


=========================================================================
*                            HDL Analysis                               *
=========================================================================
Analyzing Entity <MAQUINA> in library <work> (Architecture <behavioral>).
Entity <MAQUINA> analyzed. Unit <MAQUINA> generated.


=========================================================================
*                           HDL Synthesis                               *
=========================================================================

Performing bidirectional port resolution...

Synthesizing Unit <MAQUINA>.
    Related source file is "F:/FPGA/Junio2018/Practica_1/MAQUINA/MAQUINA.vhd".
    Using one-hot encoding for signal <ACTUAL>.
    Found 1-bit register for signal <activo<0>>.
    Found 5-bit register for signal <ACTUAL>.
    Found 24-bit up counter for signal <CONTADOR>.
    Found 8-bit register for signal <ledout>.
    Found 5-bit register for signal <SIGUIENTE>.
    Summary:
	inferred   1 Counter(s).
	inferred  14 D-type flip-flop(s).
Unit <MAQUINA> synthesized.


=========================================================================
HDL Synthesis Report

Macro Statistics
# Counters                                             : 1
 24-bit up counter                                     : 1
# Registers                                            : 4
 1-bit register                                        : 1
 5-bit register                                        : 2
 8-bit register                                        : 1

=========================================================================

=========================================================================
*                       Advanced HDL Synthesis                          *
=========================================================================

WARNING:Xst:1710 - FF/Latch <ledout_4> (without init value) has a constant value of 0 in block <MAQUINA>. This FF/Latch will be trimmed during the optimization process.

=========================================================================
Advanced HDL Synthesis Report

Macro Statistics
# Counters                                             : 1
 24-bit up counter                                     : 1
# Registers                                            : 19
 Flip-Flops                                            : 19

=========================================================================

=========================================================================
*                         Low Level Synthesis                           *
=========================================================================
WARNING:Xst:1710 - FF/Latch <ledout_4> (without init value) has a constant value of 0 in block <MAQUINA>. This FF/Latch will be trimmed during the optimization process.
INFO:Xst:2261 - The FF/Latch <ledout_1> in Unit <MAQUINA> is equivalent to the following FF/Latch, which will be removed : <ledout_2> 

Optimizing unit <MAQUINA> ...

Mapping all equations...
Building and optimizing final netlist ...
Found area constraint ratio of 100 (+ 5) on block MAQUINA, actual ratio is 5.

Final Macro Processing ...

=========================================================================
Final Register Report

Macro Statistics
# Registers                                            : 41
 Flip-Flops                                            : 41

=========================================================================

=========================================================================
*                           Partition Report                            *
=========================================================================

Partition Implementation Status
-------------------------------

  No Partitions were found in this design.

-------------------------------

=========================================================================
*                            Final Report                               *
=========================================================================
Final Results
RTL Top Level Output File Name     : MAQUINA.ngr
Top Level Output File Name         : MAQUINA
Output Format                      : NGC
Optimization Goal                  : Speed
Keep Hierarchy                     : No

Design Statistics
# IOs                              : 11

Cell Usage :
# BELS                             : 126
#      GND                         : 1
#      INV                         : 2
#      LUT1                        : 23
#      LUT2                        : 31
#      LUT3                        : 7
#      LUT4                        : 8
#      MUXCY                       : 29
#      VCC                         : 1
#      XORCY                       : 24
# FlipFlops/Latches                : 41
#      FDC                         : 24
#      FDCE                        : 11
#      FDE                         : 5
#      FDPE                        : 1
# Clock Buffers                    : 1
#      BUFGP                       : 1
# IO Buffers                       : 10
#      IBUF                        : 2
#      OBUF                        : 8
=========================================================================

Device utilization summary:
---------------------------

Selected Device : 3s50atq144-5 

 Number of Slices:                       38  out of    704     5%  
 Number of Slice Flip Flops:             41  out of   1408     2%  
 Number of 4 input LUTs:                 71  out of   1408     5%  
 Number of IOs:                          11
 Number of bonded IOBs:                  11  out of    108    10%  
 Number of GCLKs:                         1  out of     24     4%  

---------------------------
Partition Resource Summary:
---------------------------

  No Partitions were found in this design.

---------------------------


=========================================================================
TIMING REPORT

NOTE: THESE TIMING NUMBERS ARE ONLY A SYNTHESIS ESTIMATE.
      FOR ACCURATE TIMING INFORMATION PLEASE REFER TO THE TRACE REPORT
      GENERATED AFTER PLACE-and-ROUTE.

Clock Information:
------------------
-----------------------------------+------------------------+-------+
Clock Signal                       | Clock buffer(FF name)  | Load  |
-----------------------------------+------------------------+-------+
CLOCK                              | BUFGP                  | 41    |
-----------------------------------+------------------------+-------+

Asynchronous Control Signals Information:
----------------------------------------
-----------------------------------------+------------------------+-------+
Control Signal                           | Buffer(FF name)        | Load  |
-----------------------------------------+------------------------+-------+
ACTUAL_Acst_inv(ACTUAL_Acst_inv1_INV_0:O)| NONE(ACTUAL_0)         | 36    |
-----------------------------------------+------------------------+-------+

Timing Summary:
---------------
Speed Grade: -5

   Minimum period: 5.268ns (Maximum Frequency: 189.827MHz)
   Minimum input arrival time before clock: 2.894ns
   Maximum output required time after clock: 5.271ns
   Maximum combinational path delay: No path found

Timing Detail:
--------------
All values displayed in nanoseconds (ns)

=========================================================================
Timing constraint: Default period analysis for Clock 'CLOCK'
  Clock period: 5.268ns (frequency: 189.827MHz)
  Total number of paths / destination ports: 1331 / 58
-------------------------------------------------------------------------
Delay:               5.268ns (Levels of Logic = 25)
  Source:            CONTADOR_1 (FF)
  Destination:       CONTADOR_23 (FF)
  Source Clock:      CLOCK rising
  Destination Clock: CLOCK rising

  Data Path: CONTADOR_1 to CONTADOR_23
                                Gate     Net
    Cell:in->out      fanout   Delay   Delay  Logical Name (Net Name)
    ----------------------------------------  ------------
     FDC:C->Q              2   0.495   0.488  CONTADOR_1 (CONTADOR_1)
     LUT1:I0->O            1   0.561   0.000  Mcount_CONTADOR_cy<1>_rt (Mcount_CONTADOR_cy<1>_rt)
     MUXCY:S->O            1   0.523   0.000  Mcount_CONTADOR_cy<1> (Mcount_CONTADOR_cy<1>)
     MUXCY:CI->O           1   0.065   0.000  Mcount_CONTADOR_cy<2> (Mcount_CONTADOR_cy<2>)
     MUXCY:CI->O           1   0.065   0.000  Mcount_CONTADOR_cy<3> (Mcount_CONTADOR_cy<3>)
     MUXCY:CI->O           1   0.065   0.000  Mcount_CONTADOR_cy<4> (Mcount_CONTADOR_cy<4>)
     MUXCY:CI->O           1   0.065   0.000  Mcount_CONTADOR_cy<5> (Mcount_CONTADOR_cy<5>)
     MUXCY:CI->O           1   0.065   0.000  Mcount_CONTADOR_cy<6> (Mcount_CONTADOR_cy<6>)
     MUXCY:CI->O           1   0.065   0.000  Mcount_CONTADOR_cy<7> (Mcount_CONTADOR_cy<7>)
     MUXCY:CI->O           1   0.065   0.000  Mcount_CONTADOR_cy<8> (Mcount_CONTADOR_cy<8>)
     MUXCY:CI->O           1   0.065   0.000  Mcount_CONTADOR_cy<9> (Mcount_CONTADOR_cy<9>)
     MUXCY:CI->O           1   0.065   0.000  Mcount_CONTADOR_cy<10> (Mcount_CONTADOR_cy<10>)
     MUXCY:CI->O           1   0.065   0.000  Mcount_CONTADOR_cy<11> (Mcount_CONTADOR_cy<11>)
     MUXCY:CI->O           1   0.065   0.000  Mcount_CONTADOR_cy<12> (Mcount_CONTADOR_cy<12>)
     MUXCY:CI->O           1   0.065   0.000  Mcount_CONTADOR_cy<13> (Mcount_CONTADOR_cy<13>)
     MUXCY:CI->O           1   0.065   0.000  Mcount_CONTADOR_cy<14> (Mcount_CONTADOR_cy<14>)
     MUXCY:CI->O           1   0.065   0.000  Mcount_CONTADOR_cy<15> (Mcount_CONTADOR_cy<15>)
     MUXCY:CI->O           1   0.065   0.000  Mcount_CONTADOR_cy<16> (Mcount_CONTADOR_cy<16>)
     MUXCY:CI->O           1   0.065   0.000  Mcount_CONTADOR_cy<17> (Mcount_CONTADOR_cy<17>)
     MUXCY:CI->O           1   0.065   0.000  Mcount_CONTADOR_cy<18> (Mcount_CONTADOR_cy<18>)
     MUXCY:CI->O           1   0.065   0.000  Mcount_CONTADOR_cy<19> (Mcount_CONTADOR_cy<19>)
     MUXCY:CI->O           1   0.065   0.000  Mcount_CONTADOR_cy<20> (Mcount_CONTADOR_cy<20>)
     MUXCY:CI->O           1   0.065   0.000  Mcount_CONTADOR_cy<21> (Mcount_CONTADOR_cy<21>)
     MUXCY:CI->O           0   0.065   0.000  Mcount_CONTADOR_cy<22> (Mcount_CONTADOR_cy<22>)
     XORCY:CI->O           1   0.654   0.423  Mcount_CONTADOR_xor<23> (Result<23>)
     LUT2:I1->O            1   0.562   0.000  Mcount_CONTADOR_eqn_231 (Mcount_CONTADOR_eqn_23)
     FDC:D                     0.197          CONTADOR_23
    ----------------------------------------
    Total                      5.268ns (4.357ns logic, 0.911ns route)
                                       (82.7% logic, 17.3% route)

=========================================================================
Timing constraint: Default OFFSET IN BEFORE for Clock 'CLOCK'
  Total number of paths / destination ports: 23 / 18
-------------------------------------------------------------------------
Offset:              2.894ns (Levels of Logic = 2)
  Source:            PUSH (PAD)
  Destination:       activo_0 (FF)
  Destination Clock: CLOCK rising

  Data Path: PUSH to activo_0
                                Gate     Net
    Cell:in->out      fanout   Delay   Delay  Logical Name (Net Name)
    ----------------------------------------  ------------
     IBUF:I->O             8   0.824   0.751  PUSH_IBUF (PUSH_IBUF)
     LUT3:I0->O            7   0.561   0.602  SIGUIENTE_and000011 (activo_0_not0001)
     FDCE:CE                   0.156          activo_0
    ----------------------------------------
    Total                      2.894ns (1.541ns logic, 1.353ns route)
                                       (53.2% logic, 46.8% route)

=========================================================================
Timing constraint: Default OFFSET OUT AFTER for Clock 'CLOCK'
  Total number of paths / destination ports: 7 / 7
-------------------------------------------------------------------------
Offset:              5.271ns (Levels of Logic = 1)
  Source:            ledout_1 (FF)
  Destination:       LED1 (PAD)
  Source Clock:      CLOCK rising

  Data Path: ledout_1 to LED1
                                Gate     Net
    Cell:in->out      fanout   Delay   Delay  Logical Name (Net Name)
    ----------------------------------------  ------------
     FDCE:C->Q             2   0.495   0.380  ledout_1 (ledout_1)
     OBUF:I->O                 4.396          LED1_OBUF (LED1)
    ----------------------------------------
    Total                      5.271ns (4.891ns logic, 0.380ns route)
                                       (92.8% logic, 7.2% route)

=========================================================================


Total REAL time to Xst completion: 6.00 secs
Total CPU time to Xst completion: 5.90 secs
 
--> 

Total memory usage is 4534760 kilobytes

Number of errors   :    0 (   0 filtered)
Number of warnings :    2 (   0 filtered)
Number of infos    :    1 (   0 filtered)

